<?xml version="1.0" encoding="UTF-8"?>
<testsuite xmlns:xsi="http://www.w3.org/2001/XMLSchema-instance" xsi:noNamespaceSchemaLocation="https://maven.apache.org/surefire/maven-surefire-plugin/xsd/surefire-test-report.xsd" name="codingdojo.AppTest" time="0.07" tests="1" errors="0" skipped="0" failures="0">
  <properties>
    <property name="sun.desktop" value="windows"/>
    <property name="awt.toolkit" value="sun.awt.windows.WToolkit"/>
    <property name="java.specification.version" value="10"/>
    <property name="file.encoding.pkg" value="sun.io"/>
    <property name="sun.cpu.isalist" value="amd64"/>
    <property name="sun.jnu.encoding" value="Cp1252"/>
    <property name="java.class.path" value="C:\Users\Fabien.lamarque\projects\tcr\target\test-classes;C:\Users\Fabien.lamarque\projects\tcr\target\classes;C:\Users\Fabien.lamarque\.m2\repository\junit\junit\4.11\junit-4.11.jar;C:\Users\Fabien.lamarque\.m2\repository\org\hamcrest\hamcrest-core\1.3\hamcrest-core-1.3.jar;"/>
    <property name="java.vm.vendor" value="&quot;Oracle Corporation&quot;"/>
    <property name="sun.arch.data.model" value="64"/>
    <property name="user.variant" value=""/>
    <property name="java.vendor.url" value="http://java.oracle.com/"/>
    <property name="user.timezone" value=""/>
    <property name="java.vm.specification.version" value="10"/>
    <property name="os.name" value="Windows 10"/>
    <property name="sun.java.launcher" value="SUN_STANDARD"/>
    <property name="user.country" value="FR"/>
    <property name="sun.boot.library.path" value="C:\Program Files\Java\jdk-10.0.1\bin"/>
    <property name="sun.java.command" value="C:\Users\FABIEN~1.LAM\AppData\Local\Temp\surefire1044315310015075649\surefirebooter11599695579833558994.jar C:\Users\Fabien.lamarque\AppData\Local\Temp\surefire1044315310015075649 2018-11-12T13-07-08_605-jvmRun1 surefire4684741523118485711tmp surefire_014662085079806944809tmp"/>
    <property name="jdk.debug" value="release"/>
    <property name="surefire.test.class.path" value="C:\Users\Fabien.lamarque\projects\tcr\target\test-classes;C:\Users\Fabien.lamarque\projects\tcr\target\classes;C:\Users\Fabien.lamarque\.m2\repository\junit\junit\4.11\junit-4.11.jar;C:\Users\Fabien.lamarque\.m2\repository\org\hamcrest\hamcrest-core\1.3\hamcrest-core-1.3.jar;"/>
    <property name="sun.cpu.endian" value="little"/>
    <property name="user.home" value="C:\Users\Fabien.lamarque"/>
    <property name="user.language" value="fr"/>
    <property name="java.specification.vendor" value="Oracle Corporation"/>
    <property name="java.version.date" value="2018-04-17"/>
    <property name="java.home" value="C:\Program Files\Java\jdk-10.0.1"/>
    <property name="file.separator" value="\"/>
    <property name="basedir" value="C:\Users\Fabien.lamarque\projects\tcr"/>
    <property name="java.vm.compressedOopsMode" value="Zero based"/>
    <property name="line.separator" value="&#10;"/>
    <property name="java.specification.name" value="Java Platform API Specification"/>
    <property name="java.vm.specification.vendor" value="Oracle Corporation"/>
    <property name="java.awt.graphicsenv" value="sun.awt.Win32GraphicsEnvironment"/>
    <property name="surefire.real.class.path" value="C:\Users\FABIEN~1.LAM\AppData\Local\Temp\surefire1044315310015075649\surefirebooter11599695579833558994.jar"/>
    <property name="user.script" value=""/>
    <property name="sun.management.compiler" value="HotSpot 64-Bit Tiered Compilers"/>
    <property name="java.runtime.version" value="10.0.1+10"/>
    <property name="user.name" value="fabien.lamarque"/>
    <property name="path.separator" value=";"/>
    <property name="os.version" value="10.0"/>
    <property name="java.runtime.name" value="Java(TM) SE Runtime Environment"/>
    <property name="file.encoding" value="Cp1252"/>
    <property name="java.vm.name" value="Java HotSpot(TM) 64-Bit Server VM"/>
    <property name="java.vendor.version" value="18.3"/>
    <property name="localRepository" value="C:\Users\Fabien.lamarque\.m2\repository"/>
    <property name="java.vendor.url.bug" value="http://bugreport.java.com/bugreport/"/>
    <property name="java.io.tmpdir" value="C:\Users\FABIEN~1.LAM\AppData\Local\Temp\"/>
    <property name="java.version" value="10.0.1"/>
    <property name="user.dir" value="C:\Users\Fabien.lamarque\projects\tcr"/>
    <property name="os.arch" value="amd64"/>
    <property name="java.vm.specification.name" value="Java Virtual Machine Specification"/>
    <property name="java.awt.printerjob" value="sun.awt.windows.WPrinterJob"/>
    <property name="sun.os.patch.level" value=""/>
    <property name="java.library.path" value="C:\Program Files\Java\jdk-10.0.1\bin;C:\Windows\Sun\Java\bin;C:\Windows\system32;C:\Windows;C:\Program Files\Docker\Docker\Resources\bin;C:\Program Files\Haskell\bin;C:\Program Files\Haskell Platform\8.2.2\lib\extralibs\bin;C:\Program Files\Haskell Platform\8.2.2\bin;C:\Program Files (x86)\Microsoft SDKs\Azure\CLI2\wbin;C:\ProgramData\Oracle\Java\javapath;C:\Program Files\Common Files\Microsoft Shared\Microsoft Online Services;C:\Program Files (x86)\Common Files\Microsoft Shared\Microsoft Online Services;C:\Windows\system32;C:\Windows;C:\Windows\System32\Wbem;C:\Windows\System32\WindowsPowerShell\v1.0\;C:\Windows\CCM;C:\ProgramData\chocolatey\bin;C:\Program Files\Java\jdk1.8.0_152\bin;C:\Program Files\nodejs\;C:\Program Files\Git\cmd;C:\Program Files\PuTTY\;C:\Go\bin;C:\Program Files (x86)\Yarn\bin\;C:\Program Files\Haskell Platform\8.2.2\mingw\bin;C:\Program Files\Java\jdk-10.0.1;C:\Program Files (x86)\Lua\5.1;C:\Program Files (x86)\Lua\5.1\clibs;C:\Program Files\Java\jdk-10.0.1\bin;C:\MinGW\bin;C:\Program Files (x86)\CMake\bin;C:\Users\Fabien.lamarque\AppData\Roaming\local\bin;C:\Users\Fabien.lamarque\AppData\Roaming\cabal\bin;C:\Users\Fabien.lamarque\AppData\Local\Microsoft\WindowsApps;C:\Users\Fabien.lamarque\AppData\Roaming\npm;C:\Users\Fabien.lamarque\AppData\Roaming\Dashlane\5.3.1.13504\bin\Firefox_Extension\{442718d9-475e-452a-b3e1-fb1ee16b8e9f}\components;C:\Users\Fabien.lamarque\AppData\Roaming\Dashlane\5.3.1.13504\ucrt;C:\Users\Fabien.lamarque\AppData\Local\Google\Cloud SDK\google-cloud-sdk\bin;C:\Users\Fabien.lamarque\AppData\Local\Yarn\bin;C:\Users\Fabien.lamarque\AppData\Local\GitHubDesktop\bin;C:\Users\Fabien.lamarque\AppData\Local\Programs\Microsoft VS Code\bin;C:\Users\Fabien.lamarque\AppData\Roaming\Dashlane\6.1841.0.13779\bin\Firefox_Extension\{442718d9-475e-452a-b3e1-fb1ee16b8e9f}\components;C:\Users\Fabien.lamarque\AppData\Roaming\Dashlane\6.1841.0.13779\ucrt;C:\Users\Fabien.lamarque\AppData\Roaming\Dashlane\6.1841.0.13779\bin\Qt;C:\Users\Fabien.lamarque\AppData\Roaming\Dashlane\6.1841.0.13779\ucrt;C:\Users\Fabien.lamarque\AppData\Roaming\Dashlane\6.1841.0.13779\bin\Ssl;."/>
    <property name="java.vendor" value="Oracle Corporation"/>
    <property name="java.vm.info" value="mixed mode"/>
    <property name="java.vm.version" value="10.0.1+10"/>
    <property name="sun.io.unicode.encoding" value="UnicodeLittle"/>
    <property name="java.class.version" value="54.0"/>
  </properties>
  <testcase name="shouldAnswerWithTrue" classname="codingdojo.AppTest" time="0.004"/>
</testsuite>